<?xml version="1.0" encoding="UTF-8"?>
<!-- Generated by org.testng.reporters.JUnitReportReporter -->
<testsuite name="com.jbk.thirtybees.test.MyaccountTest" tests="1" time="20.508" ignored="2" failures="0" timestamp="23 Aug 2021 12:57:50 GMT" skipped="0" hostname="DELL-PC" errors="0">
  <testcase name="verifymyaccount" time="20.508" classname="com.jbk.thirtybees.test.MyaccountTest"/>
  <testcase name="verifycreateaccount" classname="com.jbk.thirtybees.test.MyaccountTest">
    <skipped/>
  </testcase> <!-- verifycreateaccount -->
  <testcase name="verifysignin" classname="com.jbk.thirtybees.test.MyaccountTest">
    <skipped/>
  </testcase> <!-- verifysignin -->
</testsuite> <!-- com.jbk.thirtybees.test.MyaccountTest -->
